<?xml version="1.0" encoding="UTF-8"?>
<!-- Generated by org.testng.reporters.JUnitReportReporter -->
<testsuite hostname="Rajit_4966" failures="0" tests="1" name="testCases.TC001_AccountRegistrationTest" time="15.854" errors="0" timestamp="2025-02-27T19:25:27 IST" skipped="0">
  <testcase classname="testCases.TC001_AccountRegistrationTest" name="verify_account_registration" time="15.854"/>
</testsuite> <!-- testCases.TC001_AccountRegistrationTest -->
